[2020/06/26 18:46:23] - Namespace(alpha=10, batch_size=128, data_dir='../../cifar-data', delta_init='random', early_stop=False, epochs=15, epsilon=8, loss_scale='1.0', lr_max=0.2, lr_min=0.0, lr_schedule='cyclic', master_weights=False, momentum=0.9, opt_level='O2', out_dir='train_fgsm_output', seed=0, weight_decay=0.0005)
[2020/06/26 18:46:54] - Epoch 	 Seconds 	 LR 	 	 Train Loss 	 Train Acc
[2020/06/26 18:48:53] - 0 	 119.4 	 	 0.0267 	 2.1470 	 0.1877
[2020/06/26 18:50:53] - 1 	 119.8 	 	 0.0533 	 1.9268 	 0.2696
[2020/06/26 18:52:53] - 2 	 119.7 	 	 0.0800 	 1.8271 	 0.3086
[2020/06/26 18:54:53] - 3 	 120.1 	 	 0.1067 	 1.7359 	 0.3402
[2020/06/26 18:56:53] - 4 	 120.5 	 	 0.1333 	 1.6565 	 0.3676
[2020/06/26 18:58:54] - 5 	 120.4 	 	 0.1600 	 1.5923 	 0.3948
[2020/06/26 19:00:56] - 6 	 122.1 	 	 0.1867 	 1.5488 	 0.4087
[2020/06/26 19:02:57] - 7 	 121.5 	 	 0.1867 	 1.5143 	 0.4204
[2020/06/26 19:04:56] - 8 	 119.0 	 	 0.1600 	 1.4671 	 0.4424
[2020/06/26 19:06:55] - 9 	 119.0 	 	 0.1333 	 1.4302 	 0.4533
[2020/06/26 19:08:55] - 10 	 119.6 	 	 0.1067 	 1.3915 	 0.4669
[2020/06/26 19:10:57] - 11 	 122.2 	 	 0.0800 	 1.3510 	 0.4824
[2020/06/26 19:13:00] - 12 	 122.6 	 	 0.0533 	 1.3011 	 0.4977
[2020/06/26 19:15:01] - 13 	 121.0 	 	 0.0267 	 1.2325 	 0.5243
[2020/06/26 19:17:01] - 14 	 120.6 	 	 0.0000 	 1.1322 	 0.5599
[2020/06/26 19:17:01] - Total train time: 30.1267 minutes
[2020/06/26 21:04:00] - Test Loss 	 Test Acc 	 PGD Loss 	 PGD Acc
[2020/06/26 21:04:00] - 0.6725 	 	 0.7945 	 1.0310 	 0.4534
